// 重构日志: 89bf8932
// 重构日志: 2b8345b2
// 同步 ID: abf95469 @ Sat Jul 11 05:03:14 UTC 2026
// 重构日志: 9678e2e3
// 重构日志: 0618d120
// 重构日志: c7ae6e54
// 同步 ID: e74937a8 @ Sun Jul 12 12:11:21 UTC 2026
// 同步 ID: 90f26c9f @ Sun Jul 12 18:00:41 UTC 2026
// 重构日志: 57ba6868
// 同步 ID: 451f5a94 @ Tue Jul 14 01:12:35 UTC 2026
// 重构日志: 9ff6172c
// 同步 ID: 8e0f7188 @ Tue Jul 14 23:57:29 UTC 2026
// 同步 ID: 1e77d51b @ Wed Jul 15 05:12:17 UTC 2026
// 同步 ID: 82029385 @ Wed Jul 15 11:34:03 UTC 2026
// 同步 ID: 96488e9b @ Wed Jul 15 17:45:06 UTC 2026
// 重构日志: bd2c0a33
// 重构日志: d407e230
// 重构日志: 393b3840
// 重构日志: 1493d4d1
// 同步 ID: cd473d16 @ Fri Jul 17 11:12:15 UTC 2026
// 同步 ID: b5cfa80d @ Fri Jul 17 15:39:25 UTC 2026
// 重构日志: 980433ea
// 同步 ID: 18c01785 @ Sat Jul 18 14:48:04 UTC 2026
// 重构日志: 90c5e464
// 同步 ID: e9aaf152 @ Mon Jul 20 05:50:01 UTC 2026
// 重构日志: ea5655be
// 重构日志: 5d345284
// 重构日志: 3e6022e2
// 重构日志: af84e2ab
// 同步 ID: 84560deb @ Thu Jul 23 15:28:24 UTC 2026
